0 info it worked if it ends with ok
1 verbose cli [ '/home/mikeschnall/.nvm/versions/node/v10.13.0/bin/node',
1 verbose cli   '/home/mikeschnall/.nvm/versions/node/v10.13.0/bin/npm',
1 verbose cli   'start' ]
2 info using npm@3.10.10
3 info using node@v10.13.0
4 verbose run-script [ 'prestart', 'start', 'poststart' ]
5 info lifecycle chord_pro_generator@1.0.0~prestart: chord_pro_generator@1.0.0
6 silly lifecycle chord_pro_generator@1.0.0~prestart: no script for prestart, continuing
7 info lifecycle chord_pro_generator@1.0.0~start: chord_pro_generator@1.0.0
8 verbose lifecycle chord_pro_generator@1.0.0~start: unsafe-perm in lifecycle true
9 verbose lifecycle chord_pro_generator@1.0.0~start: PATH: /home/mikeschnall/.nvm/versions/node/v10.13.0/lib/node_modules/npm/bin/node-gyp-bin:/home/mikeschnall/aA_U/MERN/Chord_Pro_Generator/node_modules/.bin:/home/mikeschnall/.nvm/versions/node/v10.13.0/bin:/home/mikeschnall/.rbenv/shims:/home/mikeschnall/.rbenv/bin:/home/mikeschnall/.rbenv/shims:/home/mikeschnall/.rbenv/bin:/usr/local/sbin:/usr/local/bin:/usr/sbin:/usr/bin:/sbin:/bin:/usr/games:/usr/local/games:/mnt/c/windows/system32:/mnt/c/windows:/mnt/c/windows/System32/Wbem:/mnt/c/windows/System32/WindowsPowerShell/v1.0/:/mnt/c/windows/System32/OpenSSH/:/mnt/c/Program Files/dotnet/:/mnt/c/Program Files/Git/cmd:/mnt/c/Users/morde/anaconda3:/mnt/c/Users/morde/anaconda3/Library/mingw-w64/bin:/mnt/c/Users/morde/anaconda3/Library/usr/bin:/mnt/c/Users/morde/anaconda3/Library/bin:/mnt/c/Users/morde/anaconda3/Scripts:/mnt/c/Users/morde/AppData/Local/Microsoft/WindowsApps:/mnt/c/Users/morde/AppData/Local/Box/Box Edit/:/mnt/c/Users/morde/AppData/Local/Programs/Microsoft VS Code/bin:/snap/bin
10 verbose lifecycle chord_pro_generator@1.0.0~start: CWD: /home/mikeschnall/aA_U/MERN/Chord_Pro_Generator
11 silly lifecycle chord_pro_generator@1.0.0~start: Args: [ '-c', 'node app.js' ]
12 silly lifecycle chord_pro_generator@1.0.0~start: Returned: code: 1  signal: null
13 info lifecycle chord_pro_generator@1.0.0~start: Failed to exec start script
14 verbose stack Error: chord_pro_generator@1.0.0 start: `node app.js`
14 verbose stack Exit status 1
14 verbose stack     at EventEmitter.<anonymous> (/home/mikeschnall/.nvm/versions/node/v10.13.0/lib/node_modules/npm/lib/utils/lifecycle.js:255:16)
14 verbose stack     at EventEmitter.emit (events.js:182:13)
14 verbose stack     at ChildProcess.<anonymous> (/home/mikeschnall/.nvm/versions/node/v10.13.0/lib/node_modules/npm/lib/utils/spawn.js:40:14)
14 verbose stack     at ChildProcess.emit (events.js:182:13)
14 verbose stack     at maybeClose (internal/child_process.js:962:16)
14 verbose stack     at Process.ChildProcess._handle.onexit (internal/child_process.js:251:5)
15 verbose pkgid chord_pro_generator@1.0.0
16 verbose cwd /home/mikeschnall/aA_U/MERN/Chord_Pro_Generator
17 error Linux 5.4.72-microsoft-standard-WSL2
18 error argv "/home/mikeschnall/.nvm/versions/node/v10.13.0/bin/node" "/home/mikeschnall/.nvm/versions/node/v10.13.0/bin/npm" "start"
19 error node v10.13.0
20 error npm  v3.10.10
21 error code ELIFECYCLE
22 error chord_pro_generator@1.0.0 start: `node app.js`
22 error Exit status 1
23 error Failed at the chord_pro_generator@1.0.0 start script 'node app.js'.
23 error Make sure you have the latest version of node.js and npm installed.
23 error If you do, this is most likely a problem with the chord_pro_generator package,
23 error not with npm itself.
23 error Tell the author that this fails on your system:
23 error     node app.js
23 error You can get information on how to open an issue for this project with:
23 error     npm bugs chord_pro_generator
23 error Or if that isn't available, you can get their info via:
23 error     npm owner ls chord_pro_generator
23 error There is likely additional logging output above.
24 verbose exit [ 1, true ]
